<?xml version="1.0" encoding="UTF-8"?>
<trace:TraceModel
    xmi:version="2.0"
    xmlns:xmi="http://www.omg.org/XMI"
    xmlns:trace="http://www.eclipse.org/gmf/2006/Trace">
  <nodeTraces
      visualID="2001"
      queryText="(let _eClass_:ecore::EClass = modelFacet.metaClass.ecoreClass in _eClass_.ePackage.nsURI = 'http://www.cs.man.ac.uk/mdsd/2010/Website' and _eClass_.name = 'WebsiteProperties') and (let _containmentMF_:ecore::EStructuralFeature = modelFacet.containmentMetaFeature.ecoreFeature in (let _eClass_:ecore::EClass = _containmentMF_.eContainingClass in _eClass_.ePackage.nsURI = 'http://www.cs.man.ac.uk/mdsd/2010/Website' and _eClass_.name = 'WebGenModel') and _containmentMF_.name = 'websiteProperties')">
    <nodeLabelTraces
        visualID="5054"
        queryText="true"/>
    <compartmentTraces
        visualID="7007"
        queryText="true"/>
  </nodeTraces>
  <nodeTraces
      visualID="2013"
      queryText="(let _eClass_:ecore::EClass = modelFacet.metaClass.ecoreClass in _eClass_.ePackage.nsURI = 'http://cs.man.ac.uk/mdsd/webgen/base' and _eClass_.name = 'DataType') and (let _containmentMF_:ecore::EStructuralFeature = modelFacet.containmentMetaFeature.ecoreFeature in (let _eClass_:ecore::EClass = _containmentMF_.eContainingClass in _eClass_.ePackage.nsURI = 'http://www.cs.man.ac.uk/mdsd/2010/Website' and _eClass_.name = 'WebGenModel') and _containmentMF_.name = 'classifiers')">
    <nodeLabelTraces
        visualID="5282"
        queryText="true"/>
  </nodeTraces>
  <nodeTraces
      visualID="2014"
      queryText="(let _eClass_:ecore::EClass = modelFacet.metaClass.ecoreClass in _eClass_.ePackage.nsURI = 'http://cs.man.ac.uk/mdsd/webgen/base' and _eClass_.name = 'EnumerationType') and (let _containmentMF_:ecore::EStructuralFeature = modelFacet.containmentMetaFeature.ecoreFeature in (let _eClass_:ecore::EClass = _containmentMF_.eContainingClass in _eClass_.ePackage.nsURI = 'http://www.cs.man.ac.uk/mdsd/2010/Website' and _eClass_.name = 'WebGenModel') and _containmentMF_.name = 'classifiers')">
    <nodeLabelTraces
        visualID="5284"
        queryText="true"/>
    <compartmentTraces
        visualID="7138"
        queryText="true"/>
  </nodeTraces>
  <nodeTraces
      visualID="2015"
      queryText="(let _eClass_:ecore::EClass = modelFacet.metaClass.ecoreClass in _eClass_.ePackage.nsURI = 'http://cs.man.ac.uk/mdsd/webgen/persistence' and _eClass_.name = 'Entity') and (let _containmentMF_:ecore::EStructuralFeature = modelFacet.containmentMetaFeature.ecoreFeature in (let _eClass_:ecore::EClass = _containmentMF_.eContainingClass in _eClass_.ePackage.nsURI = 'http://www.cs.man.ac.uk/mdsd/2010/Website' and _eClass_.name = 'WebGenModel') and _containmentMF_.name = 'classifiers')">
    <nodeLabelTraces
        visualID="5292"
        queryText="true"/>
    <compartmentTraces
        visualID="7139"
        queryText="true"/>
    <compartmentTraces
        visualID="7140"
        queryText="true"/>
  </nodeTraces>
  <nodeTraces
      visualID="2016"
      queryText="(let _eClass_:ecore::EClass = modelFacet.metaClass.ecoreClass in _eClass_.ePackage.nsURI = 'http://cs.man.ac.uk/mdsd/webgen/persistence' and _eClass_.name = 'View') and (let _containmentMF_:ecore::EStructuralFeature = modelFacet.containmentMetaFeature.ecoreFeature in (let _eClass_:ecore::EClass = _containmentMF_.eContainingClass in _eClass_.ePackage.nsURI = 'http://www.cs.man.ac.uk/mdsd/2010/Website' and _eClass_.name = 'WebGenModel') and _containmentMF_.name = 'classifiers')">
    <nodeLabelTraces
        visualID="5296"
        queryText="true"/>
    <compartmentTraces
        visualID="7141"
        queryText="true"/>
    <compartmentTraces
        visualID="7142"
        queryText="true"/>
  </nodeTraces>
  <nodeTraces
      visualID="2017"
      queryText="(let _eClass_:ecore::EClass = modelFacet.metaClass.ecoreClass in _eClass_.ePackage.nsURI = 'http://cs.man.ac.uk/mdsd/webgen/service' and _eClass_.name = 'Service') and (let _containmentMF_:ecore::EStructuralFeature = modelFacet.containmentMetaFeature.ecoreFeature in (let _eClass_:ecore::EClass = _containmentMF_.eContainingClass in _eClass_.ePackage.nsURI = 'http://www.cs.man.ac.uk/mdsd/2010/Website' and _eClass_.name = 'WebGenModel') and _containmentMF_.name = 'services')">
    <nodeLabelTraces
        visualID="5299"
        queryText="true"/>
    <compartmentTraces
        visualID="7143"
        queryText="true"/>
    <compartmentTraces
        visualID="7144"
        queryText="true"/>
  </nodeTraces>
  <nodeTraces
      visualID="2018"
      queryText="(let _eClass_:ecore::EClass = modelFacet.metaClass.ecoreClass in _eClass_.ePackage.nsURI = 'http://cs.man.ac.uk/mdsd/webgen/webui' and _eClass_.name = 'DynamicMenu') and (let _containmentMF_:ecore::EStructuralFeature = modelFacet.containmentMetaFeature.ecoreFeature in (let _eClass_:ecore::EClass = _containmentMF_.eContainingClass in _eClass_.ePackage.nsURI = 'http://www.cs.man.ac.uk/mdsd/2010/Website' and _eClass_.name = 'WebGenModel') and _containmentMF_.name = 'menus')">
    <nodeLabelTraces
        visualID="5300"
        queryText="true"/>
    <compartmentTraces
        visualID="7145"
        queryText="true"/>
  </nodeTraces>
  <nodeTraces
      visualID="2019"
      queryText="(let _eClass_:ecore::EClass = modelFacet.metaClass.ecoreClass in _eClass_.ePackage.nsURI = 'http://cs.man.ac.uk/mdsd/webgen/webui' and _eClass_.name = 'Page') and (let _containmentMF_:ecore::EStructuralFeature = modelFacet.containmentMetaFeature.ecoreFeature in (let _eClass_:ecore::EClass = _containmentMF_.eContainingClass in _eClass_.ePackage.nsURI = 'http://www.cs.man.ac.uk/mdsd/2010/Website' and _eClass_.name = 'WebGenModel') and _containmentMF_.name = 'pages')">
    <nodeLabelTraces
        visualID="5392"
        queryText="true"/>
    <compartmentTraces
        visualID="7146"
        queryText="true"/>
  </nodeTraces>
  <nodeTraces
      visualID="2020"
      queryText="(let _eClass_:ecore::EClass = modelFacet.metaClass.ecoreClass in _eClass_.ePackage.nsURI = 'http://cs.man.ac.uk/mdsd/webgen/webui' and _eClass_.name = 'StaticMenu') and (let _containmentMF_:ecore::EStructuralFeature = modelFacet.containmentMetaFeature.ecoreFeature in (let _eClass_:ecore::EClass = _containmentMF_.eContainingClass in _eClass_.ePackage.nsURI = 'http://www.cs.man.ac.uk/mdsd/2010/Website' and _eClass_.name = 'WebGenModel') and _containmentMF_.name = 'menus')">
    <nodeLabelTraces
        visualID="5395"
        queryText="true"/>
    <compartmentTraces
        visualID="7185"
        queryText="true"/>
  </nodeTraces>
  <childNodeTraces
      visualID="3273"
      queryText="(let _eClass_:ecore::EClass = modelFacet.metaClass.ecoreClass in _eClass_.ePackage.nsURI = 'http://cs.man.ac.uk/mdsd/webgen/base' and _eClass_.name = 'EnumerationLiteral') and (let _containmentMF_:ecore::EStructuralFeature = modelFacet.containmentMetaFeature.ecoreFeature in (let _eClass_:ecore::EClass = _containmentMF_.eContainingClass in _eClass_.ePackage.nsURI = 'http://cs.man.ac.uk/mdsd/webgen/base' and _eClass_.name = 'EnumerationType') and _containmentMF_.name = 'enumerations')">
    <nodeLabelTraces
        visualID="5283"
        queryText="true"/>
  </childNodeTraces>
  <childNodeTraces
      visualID="3274"
      queryText="(let _eClass_:ecore::EClass = modelFacet.metaClass.ecoreClass in _eClass_.ePackage.nsURI = 'http://cs.man.ac.uk/mdsd/webgen/persistence' and _eClass_.name = 'DataTypeAttribute') and (let _containmentMF_:ecore::EStructuralFeature = modelFacet.containmentMetaFeature.ecoreFeature in (let _eClass_:ecore::EClass = _containmentMF_.eContainingClass in _eClass_.ePackage.nsURI = 'http://cs.man.ac.uk/mdsd/webgen/persistence' and _eClass_.name = 'Entity') and _containmentMF_.name = 'entityFeatures')">
    <nodeLabelTraces
        visualID="5285"
        queryText="true"/>
  </childNodeTraces>
  <childNodeTraces
      visualID="3275"
      queryText="(let _eClass_:ecore::EClass = modelFacet.metaClass.ecoreClass in _eClass_.ePackage.nsURI = 'http://cs.man.ac.uk/mdsd/webgen/persistence' and _eClass_.name = 'DateAttribute') and (let _containmentMF_:ecore::EStructuralFeature = modelFacet.containmentMetaFeature.ecoreFeature in (let _eClass_:ecore::EClass = _containmentMF_.eContainingClass in _eClass_.ePackage.nsURI = 'http://cs.man.ac.uk/mdsd/webgen/persistence' and _eClass_.name = 'Entity') and _containmentMF_.name = 'entityFeatures')">
    <nodeLabelTraces
        visualID="5286"
        queryText="true"/>
  </childNodeTraces>
  <childNodeTraces
      visualID="3276"
      queryText="(let _eClass_:ecore::EClass = modelFacet.metaClass.ecoreClass in _eClass_.ePackage.nsURI = 'http://cs.man.ac.uk/mdsd/webgen/persistence' and _eClass_.name = 'UrlAttribute') and (let _containmentMF_:ecore::EStructuralFeature = modelFacet.containmentMetaFeature.ecoreFeature in (let _eClass_:ecore::EClass = _containmentMF_.eContainingClass in _eClass_.ePackage.nsURI = 'http://cs.man.ac.uk/mdsd/webgen/persistence' and _eClass_.name = 'Entity') and _containmentMF_.name = 'entityFeatures')">
    <nodeLabelTraces
        visualID="5287"
        queryText="true"/>
  </childNodeTraces>
  <childNodeTraces
      visualID="3277"
      queryText="(let _eClass_:ecore::EClass = modelFacet.metaClass.ecoreClass in _eClass_.ePackage.nsURI = 'http://cs.man.ac.uk/mdsd/webgen/persistence' and _eClass_.name = 'FileAttribute') and (let _containmentMF_:ecore::EStructuralFeature = modelFacet.containmentMetaFeature.ecoreFeature in (let _eClass_:ecore::EClass = _containmentMF_.eContainingClass in _eClass_.ePackage.nsURI = 'http://cs.man.ac.uk/mdsd/webgen/persistence' and _eClass_.name = 'Entity') and _containmentMF_.name = 'entityFeatures')">
    <nodeLabelTraces
        visualID="5288"
        queryText="true"/>
  </childNodeTraces>
  <childNodeTraces
      visualID="3278"
      queryText="(let _eClass_:ecore::EClass = modelFacet.metaClass.ecoreClass in _eClass_.ePackage.nsURI = 'http://cs.man.ac.uk/mdsd/webgen/persistence' and _eClass_.name = 'ImageAttribute') and (let _containmentMF_:ecore::EStructuralFeature = modelFacet.containmentMetaFeature.ecoreFeature in (let _eClass_:ecore::EClass = _containmentMF_.eContainingClass in _eClass_.ePackage.nsURI = 'http://cs.man.ac.uk/mdsd/webgen/persistence' and _eClass_.name = 'Entity') and _containmentMF_.name = 'entityFeatures')">
    <nodeLabelTraces
        visualID="5289"
        queryText="true"/>
  </childNodeTraces>
  <childNodeTraces
      visualID="3279"
      queryText="(let _eClass_:ecore::EClass = modelFacet.metaClass.ecoreClass in _eClass_.ePackage.nsURI = 'http://cs.man.ac.uk/mdsd/webgen/persistence' and _eClass_.name = 'LocationAttribute') and (let _containmentMF_:ecore::EStructuralFeature = modelFacet.containmentMetaFeature.ecoreFeature in (let _eClass_:ecore::EClass = _containmentMF_.eContainingClass in _eClass_.ePackage.nsURI = 'http://cs.man.ac.uk/mdsd/webgen/persistence' and _eClass_.name = 'Entity') and _containmentMF_.name = 'entityFeatures')">
    <nodeLabelTraces
        visualID="5290"
        queryText="true"/>
  </childNodeTraces>
  <childNodeTraces
      visualID="3280"
      queryText="(let _eClass_:ecore::EClass = modelFacet.metaClass.ecoreClass in _eClass_.ePackage.nsURI = 'http://cs.man.ac.uk/mdsd/webgen/persistence' and _eClass_.name = 'ModelLabel') and (let _containmentMF_:ecore::EStructuralFeature = modelFacet.containmentMetaFeature.ecoreFeature in (let _eClass_:ecore::EClass = _containmentMF_.eContainingClass in _eClass_.ePackage.nsURI = 'http://cs.man.ac.uk/mdsd/webgen/persistence' and _eClass_.name = 'EntityOrView') and _containmentMF_.name = 'labels')">
    <nodeLabelTraces
        visualID="5291"
        queryText="true"/>
  </childNodeTraces>
  <childNodeTraces
      visualID="3281"
      queryText="(let _eClass_:ecore::EClass = modelFacet.metaClass.ecoreClass in _eClass_.ePackage.nsURI = 'http://cs.man.ac.uk/mdsd/webgen/persistence' and _eClass_.name = 'ModelLabel') and (let _containmentMF_:ecore::EStructuralFeature = modelFacet.containmentMetaFeature.ecoreFeature in (let _eClass_:ecore::EClass = _containmentMF_.eContainingClass in _eClass_.ePackage.nsURI = 'http://cs.man.ac.uk/mdsd/webgen/persistence' and _eClass_.name = 'EntityOrView') and _containmentMF_.name = 'labels')">
    <nodeLabelTraces
        visualID="5293"
        queryText="true"/>
  </childNodeTraces>
  <childNodeTraces
      visualID="3282"
      queryText="(let _eClass_:ecore::EClass = modelFacet.metaClass.ecoreClass in _eClass_.ePackage.nsURI = 'http://cs.man.ac.uk/mdsd/webgen/persistence' and _eClass_.name = 'EncapsulatedAttribute') and (let _containmentMF_:ecore::EStructuralFeature = modelFacet.containmentMetaFeature.ecoreFeature in (let _eClass_:ecore::EClass = _containmentMF_.eContainingClass in _eClass_.ePackage.nsURI = 'http://cs.man.ac.uk/mdsd/webgen/persistence' and _eClass_.name = 'View') and _containmentMF_.name = 'viewFeatures')">
    <nodeLabelTraces
        visualID="5294"
        queryText="true"/>
  </childNodeTraces>
  <childNodeTraces
      visualID="3283"
      queryText="(let _eClass_:ecore::EClass = modelFacet.metaClass.ecoreClass in _eClass_.ePackage.nsURI = 'http://cs.man.ac.uk/mdsd/webgen/persistence' and _eClass_.name = 'EncapsulatedAssociation') and (let _containmentMF_:ecore::EStructuralFeature = modelFacet.containmentMetaFeature.ecoreFeature in (let _eClass_:ecore::EClass = _containmentMF_.eContainingClass in _eClass_.ePackage.nsURI = 'http://cs.man.ac.uk/mdsd/webgen/persistence' and _eClass_.name = 'View') and _containmentMF_.name = 'viewFeatures')">
    <nodeLabelTraces
        visualID="5295"
        queryText="true"/>
  </childNodeTraces>
  <childNodeTraces
      visualID="3284"
      queryText="(let _eClass_:ecore::EClass = modelFacet.metaClass.ecoreClass in _eClass_.ePackage.nsURI = 'http://cs.man.ac.uk/mdsd/webgen/service' and _eClass_.name = 'Selection') and (let _containmentMF_:ecore::EStructuralFeature = modelFacet.containmentMetaFeature.ecoreFeature in (let _eClass_:ecore::EClass = _containmentMF_.eContainingClass in _eClass_.ePackage.nsURI = 'http://cs.man.ac.uk/mdsd/webgen/service' and _eClass_.name = 'Service') and _containmentMF_.name = 'selections')">
    <nodeLabelTraces
        visualID="5297"
        queryText="true"/>
  </childNodeTraces>
  <childNodeTraces
      visualID="3285"
      queryText="(let _eClass_:ecore::EClass = modelFacet.metaClass.ecoreClass in _eClass_.ePackage.nsURI = 'http://cs.man.ac.uk/mdsd/webgen/service' and _eClass_.name = 'BusinessOperation') and (let _containmentMF_:ecore::EStructuralFeature = modelFacet.containmentMetaFeature.ecoreFeature in (let _eClass_:ecore::EClass = _containmentMF_.eContainingClass in _eClass_.ePackage.nsURI = 'http://cs.man.ac.uk/mdsd/webgen/service' and _eClass_.name = 'Service') and _containmentMF_.name = 'operations')">
    <nodeLabelTraces
        visualID="5298"
        queryText="true"/>
  </childNodeTraces>
  <childNodeTraces
      visualID="3286"
      queryText="(let _eClass_:ecore::EClass = modelFacet.metaClass.ecoreClass in _eClass_.ePackage.nsURI = 'http://cs.man.ac.uk/mdsd/webgen/webui' and _eClass_.name = 'CreateUnit') and (let _containmentMF_:ecore::EStructuralFeature = modelFacet.containmentMetaFeature.ecoreFeature in (let _eClass_:ecore::EClass = _containmentMF_.eContainingClass in _eClass_.ePackage.nsURI = 'http://cs.man.ac.uk/mdsd/webgen/webui' and _eClass_.name = 'UnitContainer') and _containmentMF_.name = 'units')">
    <nodeLabelTraces
        visualID="5305"
        queryText="true"/>
    <compartmentTraces
        visualID="7147"
        queryText="true"/>
  </childNodeTraces>
  <childNodeTraces
      visualID="3287"
      queryText="(let _eClass_:ecore::EClass = modelFacet.metaClass.ecoreClass in _eClass_.ePackage.nsURI = 'http://cs.man.ac.uk/mdsd/webgen/webui' and _eClass_.name = 'UnitElement') and (let _containmentMF_:ecore::EStructuralFeature = modelFacet.containmentMetaFeature.ecoreFeature in (let _eClass_:ecore::EClass = _containmentMF_.eContainingClass in _eClass_.ePackage.nsURI = 'http://cs.man.ac.uk/mdsd/webgen/webui' and _eClass_.name = 'DynamicUnit') and _containmentMF_.name = 'displayFields')">
    <nodeLabelTraces
        visualID="5301"
        queryText="true"/>
  </childNodeTraces>
  <childNodeTraces
      visualID="3288"
      queryText="(let _eClass_:ecore::EClass = modelFacet.metaClass.ecoreClass in _eClass_.ePackage.nsURI = 'http://cs.man.ac.uk/mdsd/webgen/webui' and _eClass_.name = 'UnitAssociation') and (let _containmentMF_:ecore::EStructuralFeature = modelFacet.containmentMetaFeature.ecoreFeature in (let _eClass_:ecore::EClass = _containmentMF_.eContainingClass in _eClass_.ePackage.nsURI = 'http://cs.man.ac.uk/mdsd/webgen/webui' and _eClass_.name = 'DynamicUnit') and _containmentMF_.name = 'displayFields')">
    <nodeLabelTraces
        visualID="5302"
        queryText="true"/>
  </childNodeTraces>
  <childNodeTraces
      visualID="3289"
      queryText="(let _eClass_:ecore::EClass = modelFacet.metaClass.ecoreClass in _eClass_.ePackage.nsURI = 'http://cs.man.ac.uk/mdsd/webgen/webui' and _eClass_.name = 'DataTypeField') and (let _containmentMF_:ecore::EStructuralFeature = modelFacet.containmentMetaFeature.ecoreFeature in (let _eClass_:ecore::EClass = _containmentMF_.eContainingClass in _eClass_.ePackage.nsURI = 'http://cs.man.ac.uk/mdsd/webgen/webui' and _eClass_.name = 'DynamicUnit') and _containmentMF_.name = 'displayFields')">
    <nodeLabelTraces
        visualID="5303"
        queryText="true"/>
  </childNodeTraces>
  <childNodeTraces
      visualID="3290"
      queryText="(let _eClass_:ecore::EClass = modelFacet.metaClass.ecoreClass in _eClass_.ePackage.nsURI = 'http://cs.man.ac.uk/mdsd/webgen/webui' and _eClass_.name = 'DateField') and (let _containmentMF_:ecore::EStructuralFeature = modelFacet.containmentMetaFeature.ecoreFeature in (let _eClass_:ecore::EClass = _containmentMF_.eContainingClass in _eClass_.ePackage.nsURI = 'http://cs.man.ac.uk/mdsd/webgen/webui' and _eClass_.name = 'DynamicUnit') and _containmentMF_.name = 'displayFields')">
    <nodeLabelTraces
        visualID="5304"
        queryText="true"/>
  </childNodeTraces>
  <childNodeTraces
      visualID="3291"
      queryText="(let _eClass_:ecore::EClass = modelFacet.metaClass.ecoreClass in _eClass_.ePackage.nsURI = 'http://cs.man.ac.uk/mdsd/webgen/webui' and _eClass_.name = 'CreateUpdateUnit') and (let _containmentMF_:ecore::EStructuralFeature = modelFacet.containmentMetaFeature.ecoreFeature in (let _eClass_:ecore::EClass = _containmentMF_.eContainingClass in _eClass_.ePackage.nsURI = 'http://cs.man.ac.uk/mdsd/webgen/webui' and _eClass_.name = 'UnitContainer') and _containmentMF_.name = 'units')">
    <nodeLabelTraces
        visualID="5312"
        queryText="true"/>
    <compartmentTraces
        visualID="7148"
        queryText="true"/>
  </childNodeTraces>
  <childNodeTraces
      visualID="3292"
      queryText="(let _eClass_:ecore::EClass = modelFacet.metaClass.ecoreClass in _eClass_.ePackage.nsURI = 'http://cs.man.ac.uk/mdsd/webgen/webui' and _eClass_.name = 'UnitElement') and (let _containmentMF_:ecore::EStructuralFeature = modelFacet.containmentMetaFeature.ecoreFeature in (let _eClass_:ecore::EClass = _containmentMF_.eContainingClass in _eClass_.ePackage.nsURI = 'http://cs.man.ac.uk/mdsd/webgen/webui' and _eClass_.name = 'DynamicUnit') and _containmentMF_.name = 'displayFields')">
    <nodeLabelTraces
        visualID="5306"
        queryText="true"/>
  </childNodeTraces>
  <childNodeTraces
      visualID="3293"
      queryText="(let _eClass_:ecore::EClass = modelFacet.metaClass.ecoreClass in _eClass_.ePackage.nsURI = 'http://cs.man.ac.uk/mdsd/webgen/webui' and _eClass_.name = 'UnitAssociation') and (let _containmentMF_:ecore::EStructuralFeature = modelFacet.containmentMetaFeature.ecoreFeature in (let _eClass_:ecore::EClass = _containmentMF_.eContainingClass in _eClass_.ePackage.nsURI = 'http://cs.man.ac.uk/mdsd/webgen/webui' and _eClass_.name = 'DynamicUnit') and _containmentMF_.name = 'displayFields')">
    <nodeLabelTraces
        visualID="5309"
        queryText="true"/>
    <compartmentTraces
        visualID="7149"
        queryText="true"/>
  </childNodeTraces>
  <childNodeTraces
      visualID="3294"
      queryText="(let _eClass_:ecore::EClass = modelFacet.metaClass.ecoreClass in _eClass_.ePackage.nsURI = 'http://cs.man.ac.uk/mdsd/webgen/webui' and _eClass_.name = 'CreateUpdateUnit') and (let _containmentMF_:ecore::EStructuralFeature = modelFacet.containmentMetaFeature.ecoreFeature in (let _eClass_:ecore::EClass = _containmentMF_.eContainingClass in _eClass_.ePackage.nsURI = 'http://cs.man.ac.uk/mdsd/webgen/webui' and _eClass_.name = 'UnitContainer') and _containmentMF_.name = 'units')">
    <nodeLabelTraces
        visualID="5308"
        queryText="true"/>
    <compartmentTraces
        visualID="7150"
        queryText="true"/>
  </childNodeTraces>
  <childNodeTraces
      visualID="3295"
      queryText="(let _eClass_:ecore::EClass = modelFacet.metaClass.ecoreClass in _eClass_.ePackage.nsURI = 'http://cs.man.ac.uk/mdsd/webgen/webui' and _eClass_.name = 'UnitElement') and (let _containmentMF_:ecore::EStructuralFeature = modelFacet.containmentMetaFeature.ecoreFeature in (let _eClass_:ecore::EClass = _containmentMF_.eContainingClass in _eClass_.ePackage.nsURI = 'http://cs.man.ac.uk/mdsd/webgen/webui' and _eClass_.name = 'DynamicUnit') and _containmentMF_.name = 'displayFields')">
    <nodeLabelTraces
        visualID="5307"
        queryText="true"/>
  </childNodeTraces>
  <childNodeTraces
      visualID="3296"
      queryText="(let _eClass_:ecore::EClass = modelFacet.metaClass.ecoreClass in _eClass_.ePackage.nsURI = 'http://cs.man.ac.uk/mdsd/webgen/webui' and _eClass_.name = 'DataTypeField') and (let _containmentMF_:ecore::EStructuralFeature = modelFacet.containmentMetaFeature.ecoreFeature in (let _eClass_:ecore::EClass = _containmentMF_.eContainingClass in _eClass_.ePackage.nsURI = 'http://cs.man.ac.uk/mdsd/webgen/webui' and _eClass_.name = 'DynamicUnit') and _containmentMF_.name = 'displayFields')">
    <nodeLabelTraces
        visualID="5310"
        queryText="true"/>
  </childNodeTraces>
  <childNodeTraces
      visualID="3297"
      queryText="(let _eClass_:ecore::EClass = modelFacet.metaClass.ecoreClass in _eClass_.ePackage.nsURI = 'http://cs.man.ac.uk/mdsd/webgen/webui' and _eClass_.name = 'DateField') and (let _containmentMF_:ecore::EStructuralFeature = modelFacet.containmentMetaFeature.ecoreFeature in (let _eClass_:ecore::EClass = _containmentMF_.eContainingClass in _eClass_.ePackage.nsURI = 'http://cs.man.ac.uk/mdsd/webgen/webui' and _eClass_.name = 'DynamicUnit') and _containmentMF_.name = 'displayFields')">
    <nodeLabelTraces
        visualID="5311"
        queryText="true"/>
  </childNodeTraces>
  <childNodeTraces
      visualID="3298"
      queryText="(let _eClass_:ecore::EClass = modelFacet.metaClass.ecoreClass in _eClass_.ePackage.nsURI = 'http://cs.man.ac.uk/mdsd/webgen/webui' and _eClass_.name = 'CreateSitemapUnit') and (let _containmentMF_:ecore::EStructuralFeature = modelFacet.containmentMetaFeature.ecoreFeature in (let _eClass_:ecore::EClass = _containmentMF_.eContainingClass in _eClass_.ePackage.nsURI = 'http://cs.man.ac.uk/mdsd/webgen/webui' and _eClass_.name = 'UnitContainer') and _containmentMF_.name = 'units')"/>
  <childNodeTraces
      visualID="3299"
      queryText="(let _eClass_:ecore::EClass = modelFacet.metaClass.ecoreClass in _eClass_.ePackage.nsURI = 'http://cs.man.ac.uk/mdsd/webgen/webui' and _eClass_.name = 'DetailsUnit') and (let _containmentMF_:ecore::EStructuralFeature = modelFacet.containmentMetaFeature.ecoreFeature in (let _eClass_:ecore::EClass = _containmentMF_.eContainingClass in _eClass_.ePackage.nsURI = 'http://cs.man.ac.uk/mdsd/webgen/webui' and _eClass_.name = 'UnitContainer') and _containmentMF_.name = 'units')">
    <nodeLabelTraces
        visualID="5353"
        queryText="true"/>
    <compartmentTraces
        visualID="7151"
        queryText="true"/>
    <compartmentTraces
        visualID="7152"
        queryText="true"/>
  </childNodeTraces>
  <childNodeTraces
      visualID="3300"
      queryText="(let _eClass_:ecore::EClass = modelFacet.metaClass.ecoreClass in _eClass_.ePackage.nsURI = 'http://cs.man.ac.uk/mdsd/webgen/webui' and _eClass_.name = 'UnitElement') and (let _containmentMF_:ecore::EStructuralFeature = modelFacet.containmentMetaFeature.ecoreFeature in (let _eClass_:ecore::EClass = _containmentMF_.eContainingClass in _eClass_.ePackage.nsURI = 'http://cs.man.ac.uk/mdsd/webgen/webui' and _eClass_.name = 'DynamicUnit') and _containmentMF_.name = 'displayFields')">
    <nodeLabelTraces
        visualID="5314"
        queryText="true"/>
    <compartmentTraces
        visualID="7153"
        queryText="true"/>
  </childNodeTraces>
  <childNodeTraces
      visualID="3301"
      queryText="(let _eClass_:ecore::EClass = modelFacet.metaClass.ecoreClass in _eClass_.ePackage.nsURI = 'http://cs.man.ac.uk/mdsd/webgen/webui' and _eClass_.name = 'SelectAction') and (let _containmentMF_:ecore::EStructuralFeature = modelFacet.containmentMetaFeature.ecoreFeature in (let _eClass_:ecore::EClass = _containmentMF_.eContainingClass in _eClass_.ePackage.nsURI = 'http://cs.man.ac.uk/mdsd/webgen/webui' and _eClass_.name = 'InlineActionContainer') and _containmentMF_.name = 'actions')">
    <nodeLabelTraces
        visualID="5313"
        queryText="true"/>
  </childNodeTraces>
  <childNodeTraces
      visualID="3302"
      queryText="(let _eClass_:ecore::EClass = modelFacet.metaClass.ecoreClass in _eClass_.ePackage.nsURI = 'http://cs.man.ac.uk/mdsd/webgen/webui' and _eClass_.name = 'UnitAssociation') and (let _containmentMF_:ecore::EStructuralFeature = modelFacet.containmentMetaFeature.ecoreFeature in (let _eClass_:ecore::EClass = _containmentMF_.eContainingClass in _eClass_.ePackage.nsURI = 'http://cs.man.ac.uk/mdsd/webgen/webui' and _eClass_.name = 'DynamicUnit') and _containmentMF_.name = 'displayFields')">
    <nodeLabelTraces
        visualID="5349"
        queryText="true"/>
    <compartmentTraces
        visualID="7154"
        queryText="true"/>
    <compartmentTraces
        visualID="7155"
        queryText="true"/>
  </childNodeTraces>
  <childNodeTraces
      visualID="3303"
      queryText="(let _eClass_:ecore::EClass = modelFacet.metaClass.ecoreClass in _eClass_.ePackage.nsURI = 'http://cs.man.ac.uk/mdsd/webgen/webui' and _eClass_.name = 'DetailsUnit') and (let _containmentMF_:ecore::EStructuralFeature = modelFacet.containmentMetaFeature.ecoreFeature in (let _eClass_:ecore::EClass = _containmentMF_.eContainingClass in _eClass_.ePackage.nsURI = 'http://cs.man.ac.uk/mdsd/webgen/webui' and _eClass_.name = 'UnitContainer') and _containmentMF_.name = 'units')">
    <nodeLabelTraces
        visualID="5321"
        queryText="true"/>
    <compartmentTraces
        visualID="7156"
        queryText="true"/>
  </childNodeTraces>
  <childNodeTraces
      visualID="3304"
      queryText="(let _eClass_:ecore::EClass = modelFacet.metaClass.ecoreClass in _eClass_.ePackage.nsURI = 'http://cs.man.ac.uk/mdsd/webgen/webui' and _eClass_.name = 'UnitElement') and (let _containmentMF_:ecore::EStructuralFeature = modelFacet.containmentMetaFeature.ecoreFeature in (let _eClass_:ecore::EClass = _containmentMF_.eContainingClass in _eClass_.ePackage.nsURI = 'http://cs.man.ac.uk/mdsd/webgen/webui' and _eClass_.name = 'DynamicUnit') and _containmentMF_.name = 'displayFields')">
    <nodeLabelTraces
        visualID="5315"
        queryText="true"/>
  </childNodeTraces>
  <childNodeTraces
      visualID="3305"
      queryText="(let _eClass_:ecore::EClass = modelFacet.metaClass.ecoreClass in _eClass_.ePackage.nsURI = 'http://cs.man.ac.uk/mdsd/webgen/webui' and _eClass_.name = 'UnitAssociation') and (let _containmentMF_:ecore::EStructuralFeature = modelFacet.containmentMetaFeature.ecoreFeature in (let _eClass_:ecore::EClass = _containmentMF_.eContainingClass in _eClass_.ePackage.nsURI = 'http://cs.man.ac.uk/mdsd/webgen/webui' and _eClass_.name = 'DynamicUnit') and _containmentMF_.name = 'displayFields')">
    <nodeLabelTraces
        visualID="5320"
        queryText="true"/>
    <compartmentTraces
        visualID="7157"
        queryText="true"/>
  </childNodeTraces>
  <childNodeTraces
      visualID="3306"
      queryText="(let _eClass_:ecore::EClass = modelFacet.metaClass.ecoreClass in _eClass_.ePackage.nsURI = 'http://cs.man.ac.uk/mdsd/webgen/webui' and _eClass_.name = 'DetailsUnit') and (let _containmentMF_:ecore::EStructuralFeature = modelFacet.containmentMetaFeature.ecoreFeature in (let _eClass_:ecore::EClass = _containmentMF_.eContainingClass in _eClass_.ePackage.nsURI = 'http://cs.man.ac.uk/mdsd/webgen/webui' and _eClass_.name = 'UnitContainer') and _containmentMF_.name = 'units')">
    <nodeLabelTraces
        visualID="5317"
        queryText="true"/>
    <compartmentTraces
        visualID="7158"
        queryText="true"/>
  </childNodeTraces>
  <childNodeTraces
      visualID="3307"
      queryText="(let _eClass_:ecore::EClass = modelFacet.metaClass.ecoreClass in _eClass_.ePackage.nsURI = 'http://cs.man.ac.uk/mdsd/webgen/webui' and _eClass_.name = 'UnitElement') and (let _containmentMF_:ecore::EStructuralFeature = modelFacet.containmentMetaFeature.ecoreFeature in (let _eClass_:ecore::EClass = _containmentMF_.eContainingClass in _eClass_.ePackage.nsURI = 'http://cs.man.ac.uk/mdsd/webgen/webui' and _eClass_.name = 'DynamicUnit') and _containmentMF_.name = 'displayFields')">
    <nodeLabelTraces
        visualID="5316"
        queryText="true"/>
  </childNodeTraces>
  <childNodeTraces
      visualID="3308"
      queryText="(let _eClass_:ecore::EClass = modelFacet.metaClass.ecoreClass in _eClass_.ePackage.nsURI = 'http://cs.man.ac.uk/mdsd/webgen/webui' and _eClass_.name = 'IndexUnit') and (let _containmentMF_:ecore::EStructuralFeature = modelFacet.containmentMetaFeature.ecoreFeature in (let _eClass_:ecore::EClass = _containmentMF_.eContainingClass in _eClass_.ePackage.nsURI = 'http://cs.man.ac.uk/mdsd/webgen/webui' and _eClass_.name = 'UnitContainer') and _containmentMF_.name = 'units')">
    <nodeLabelTraces
        visualID="5319"
        queryText="true"/>
    <compartmentTraces
        visualID="7159"
        queryText="true"/>
  </childNodeTraces>
  <childNodeTraces
      visualID="3309"
      queryText="(let _eClass_:ecore::EClass = modelFacet.metaClass.ecoreClass in _eClass_.ePackage.nsURI = 'http://cs.man.ac.uk/mdsd/webgen/webui' and _eClass_.name = 'UnitElement') and (let _containmentMF_:ecore::EStructuralFeature = modelFacet.containmentMetaFeature.ecoreFeature in (let _eClass_:ecore::EClass = _containmentMF_.eContainingClass in _eClass_.ePackage.nsURI = 'http://cs.man.ac.uk/mdsd/webgen/webui' and _eClass_.name = 'DynamicUnit') and _containmentMF_.name = 'displayFields')">
    <nodeLabelTraces
        visualID="5318"
        queryText="true"/>
  </childNodeTraces>
  <childNodeTraces
      visualID="3310"
      queryText="(let _eClass_:ecore::EClass = modelFacet.metaClass.ecoreClass in _eClass_.ePackage.nsURI = 'http://cs.man.ac.uk/mdsd/webgen/webui' and _eClass_.name = 'IndexUnit') and (let _containmentMF_:ecore::EStructuralFeature = modelFacet.containmentMetaFeature.ecoreFeature in (let _eClass_:ecore::EClass = _containmentMF_.eContainingClass in _eClass_.ePackage.nsURI = 'http://cs.man.ac.uk/mdsd/webgen/webui' and _eClass_.name = 'UnitContainer') and _containmentMF_.name = 'units')">
    <nodeLabelTraces
        visualID="5344"
        queryText="true"/>
    <compartmentTraces
        visualID="7160"
        queryText="true"/>
    <compartmentTraces
        visualID="7161"
        queryText="true"/>
  </childNodeTraces>
  <childNodeTraces
      visualID="3311"
      queryText="(let _eClass_:ecore::EClass = modelFacet.metaClass.ecoreClass in _eClass_.ePackage.nsURI = 'http://cs.man.ac.uk/mdsd/webgen/webui' and _eClass_.name = 'UnitElement') and (let _containmentMF_:ecore::EStructuralFeature = modelFacet.containmentMetaFeature.ecoreFeature in (let _eClass_:ecore::EClass = _containmentMF_.eContainingClass in _eClass_.ePackage.nsURI = 'http://cs.man.ac.uk/mdsd/webgen/webui' and _eClass_.name = 'DynamicUnit') and _containmentMF_.name = 'displayFields')">
    <nodeLabelTraces
        visualID="5322"
        queryText="true"/>
  </childNodeTraces>
  <childNodeTraces
      visualID="3312"
      queryText="(let _eClass_:ecore::EClass = modelFacet.metaClass.ecoreClass in _eClass_.ePackage.nsURI = 'http://cs.man.ac.uk/mdsd/webgen/webui' and _eClass_.name = 'UnitAssociation') and (let _containmentMF_:ecore::EStructuralFeature = modelFacet.containmentMetaFeature.ecoreFeature in (let _eClass_:ecore::EClass = _containmentMF_.eContainingClass in _eClass_.ePackage.nsURI = 'http://cs.man.ac.uk/mdsd/webgen/webui' and _eClass_.name = 'DynamicUnit') and _containmentMF_.name = 'displayFields')">
    <nodeLabelTraces
        visualID="5341"
        queryText="true"/>
    <compartmentTraces
        visualID="7162"
        queryText="true"/>
  </childNodeTraces>
  <childNodeTraces
      visualID="3313"
      queryText="(let _eClass_:ecore::EClass = modelFacet.metaClass.ecoreClass in _eClass_.ePackage.nsURI = 'http://cs.man.ac.uk/mdsd/webgen/webui' and _eClass_.name = 'DetailsUnit') and (let _containmentMF_:ecore::EStructuralFeature = modelFacet.containmentMetaFeature.ecoreFeature in (let _eClass_:ecore::EClass = _containmentMF_.eContainingClass in _eClass_.ePackage.nsURI = 'http://cs.man.ac.uk/mdsd/webgen/webui' and _eClass_.name = 'UnitContainer') and _containmentMF_.name = 'units')">
    <nodeLabelTraces
        visualID="5331"
        queryText="true"/>
    <compartmentTraces
        visualID="7163"
        queryText="true"/>
  </childNodeTraces>
  <childNodeTraces
      visualID="3314"
      queryText="(let _eClass_:ecore::EClass = modelFacet.metaClass.ecoreClass in _eClass_.ePackage.nsURI = 'http://cs.man.ac.uk/mdsd/webgen/webui' and _eClass_.name = 'UnitElement') and (let _containmentMF_:ecore::EStructuralFeature = modelFacet.containmentMetaFeature.ecoreFeature in (let _eClass_:ecore::EClass = _containmentMF_.eContainingClass in _eClass_.ePackage.nsURI = 'http://cs.man.ac.uk/mdsd/webgen/webui' and _eClass_.name = 'DynamicUnit') and _containmentMF_.name = 'displayFields')">
    <nodeLabelTraces
        visualID="5323"
        queryText="true"/>
  </childNodeTraces>
  <childNodeTraces
      visualID="3315"
      queryText="(let _eClass_:ecore::EClass = modelFacet.metaClass.ecoreClass in _eClass_.ePackage.nsURI = 'http://cs.man.ac.uk/mdsd/webgen/webui' and _eClass_.name = 'UnitAssociation') and (let _containmentMF_:ecore::EStructuralFeature = modelFacet.containmentMetaFeature.ecoreFeature in (let _eClass_:ecore::EClass = _containmentMF_.eContainingClass in _eClass_.ePackage.nsURI = 'http://cs.man.ac.uk/mdsd/webgen/webui' and _eClass_.name = 'DynamicUnit') and _containmentMF_.name = 'displayFields')">
    <nodeLabelTraces
        visualID="5330"
        queryText="true"/>
    <compartmentTraces
        visualID="7164"
        queryText="true"/>
  </childNodeTraces>
  <childNodeTraces
      visualID="3316"
      queryText="(let _eClass_:ecore::EClass = modelFacet.metaClass.ecoreClass in _eClass_.ePackage.nsURI = 'http://cs.man.ac.uk/mdsd/webgen/webui' and _eClass_.name = 'DetailsUnit') and (let _containmentMF_:ecore::EStructuralFeature = modelFacet.containmentMetaFeature.ecoreFeature in (let _eClass_:ecore::EClass = _containmentMF_.eContainingClass in _eClass_.ePackage.nsURI = 'http://cs.man.ac.uk/mdsd/webgen/webui' and _eClass_.name = 'UnitContainer') and _containmentMF_.name = 'units')">
    <nodeLabelTraces
        visualID="5326"
        queryText="true"/>
    <compartmentTraces
        visualID="7165"
        queryText="true"/>
  </childNodeTraces>
  <childNodeTraces
      visualID="3317"
      queryText="(let _eClass_:ecore::EClass = modelFacet.metaClass.ecoreClass in _eClass_.ePackage.nsURI = 'http://cs.man.ac.uk/mdsd/webgen/webui' and _eClass_.name = 'UnitElement') and (let _containmentMF_:ecore::EStructuralFeature = modelFacet.containmentMetaFeature.ecoreFeature in (let _eClass_:ecore::EClass = _containmentMF_.eContainingClass in _eClass_.ePackage.nsURI = 'http://cs.man.ac.uk/mdsd/webgen/webui' and _eClass_.name = 'DynamicUnit') and _containmentMF_.name = 'displayFields')">
    <nodeLabelTraces
        visualID="5324"
        queryText="true"/>
  </childNodeTraces>
  <childNodeTraces
      visualID="3318"
      queryText="(let _eClass_:ecore::EClass = modelFacet.metaClass.ecoreClass in _eClass_.ePackage.nsURI = 'http://cs.man.ac.uk/mdsd/webgen/webui' and _eClass_.name = 'UnitAssociation') and (let _containmentMF_:ecore::EStructuralFeature = modelFacet.containmentMetaFeature.ecoreFeature in (let _eClass_:ecore::EClass = _containmentMF_.eContainingClass in _eClass_.ePackage.nsURI = 'http://cs.man.ac.uk/mdsd/webgen/webui' and _eClass_.name = 'DynamicUnit') and _containmentMF_.name = 'displayFields')">
    <nodeLabelTraces
        visualID="5325"
        queryText="true"/>
  </childNodeTraces>
  <childNodeTraces
      visualID="3319"
      queryText="(let _eClass_:ecore::EClass = modelFacet.metaClass.ecoreClass in _eClass_.ePackage.nsURI = 'http://cs.man.ac.uk/mdsd/webgen/webui' and _eClass_.name = 'IndexUnit') and (let _containmentMF_:ecore::EStructuralFeature = modelFacet.containmentMetaFeature.ecoreFeature in (let _eClass_:ecore::EClass = _containmentMF_.eContainingClass in _eClass_.ePackage.nsURI = 'http://cs.man.ac.uk/mdsd/webgen/webui' and _eClass_.name = 'UnitContainer') and _containmentMF_.name = 'units')">
    <nodeLabelTraces
        visualID="5329"
        queryText="true"/>
    <compartmentTraces
        visualID="7166"
        queryText="true"/>
  </childNodeTraces>
  <childNodeTraces
      visualID="3320"
      queryText="(let _eClass_:ecore::EClass = modelFacet.metaClass.ecoreClass in _eClass_.ePackage.nsURI = 'http://cs.man.ac.uk/mdsd/webgen/webui' and _eClass_.name = 'UnitElement') and (let _containmentMF_:ecore::EStructuralFeature = modelFacet.containmentMetaFeature.ecoreFeature in (let _eClass_:ecore::EClass = _containmentMF_.eContainingClass in _eClass_.ePackage.nsURI = 'http://cs.man.ac.uk/mdsd/webgen/webui' and _eClass_.name = 'DynamicUnit') and _containmentMF_.name = 'displayFields')">
    <nodeLabelTraces
        visualID="5327"
        queryText="true"/>
  </childNodeTraces>
  <childNodeTraces
      visualID="3321"
      queryText="(let _eClass_:ecore::EClass = modelFacet.metaClass.ecoreClass in _eClass_.ePackage.nsURI = 'http://cs.man.ac.uk/mdsd/webgen/webui' and _eClass_.name = 'UnitAssociation') and (let _containmentMF_:ecore::EStructuralFeature = modelFacet.containmentMetaFeature.ecoreFeature in (let _eClass_:ecore::EClass = _containmentMF_.eContainingClass in _eClass_.ePackage.nsURI = 'http://cs.man.ac.uk/mdsd/webgen/webui' and _eClass_.name = 'DynamicUnit') and _containmentMF_.name = 'displayFields')">
    <nodeLabelTraces
        visualID="5328"
        queryText="true"/>
  </childNodeTraces>
  <childNodeTraces
      visualID="3322"
      queryText="(let _eClass_:ecore::EClass = modelFacet.metaClass.ecoreClass in _eClass_.ePackage.nsURI = 'http://cs.man.ac.uk/mdsd/webgen/webui' and _eClass_.name = 'IndexUnit') and (let _containmentMF_:ecore::EStructuralFeature = modelFacet.containmentMetaFeature.ecoreFeature in (let _eClass_:ecore::EClass = _containmentMF_.eContainingClass in _eClass_.ePackage.nsURI = 'http://cs.man.ac.uk/mdsd/webgen/webui' and _eClass_.name = 'UnitContainer') and _containmentMF_.name = 'units')">
    <nodeLabelTraces
        visualID="5340"
        queryText="true"/>
    <compartmentTraces
        visualID="7167"
        queryText="true"/>
  </childNodeTraces>
  <childNodeTraces
      visualID="3323"
      queryText="(let _eClass_:ecore::EClass = modelFacet.metaClass.ecoreClass in _eClass_.ePackage.nsURI = 'http://cs.man.ac.uk/mdsd/webgen/webui' and _eClass_.name = 'UnitElement') and (let _containmentMF_:ecore::EStructuralFeature = modelFacet.containmentMetaFeature.ecoreFeature in (let _eClass_:ecore::EClass = _containmentMF_.eContainingClass in _eClass_.ePackage.nsURI = 'http://cs.man.ac.uk/mdsd/webgen/webui' and _eClass_.name = 'DynamicUnit') and _containmentMF_.name = 'displayFields')">
    <nodeLabelTraces
        visualID="5332"
        queryText="true"/>
  </childNodeTraces>
  <childNodeTraces
      visualID="3324"
      queryText="(let _eClass_:ecore::EClass = modelFacet.metaClass.ecoreClass in _eClass_.ePackage.nsURI = 'http://cs.man.ac.uk/mdsd/webgen/webui' and _eClass_.name = 'UnitAssociation') and (let _containmentMF_:ecore::EStructuralFeature = modelFacet.containmentMetaFeature.ecoreFeature in (let _eClass_:ecore::EClass = _containmentMF_.eContainingClass in _eClass_.ePackage.nsURI = 'http://cs.man.ac.uk/mdsd/webgen/webui' and _eClass_.name = 'DynamicUnit') and _containmentMF_.name = 'displayFields')">
    <nodeLabelTraces
        visualID="5339"
        queryText="true"/>
    <compartmentTraces
        visualID="7168"
        queryText="true"/>
  </childNodeTraces>
  <childNodeTraces
      visualID="3325"
      queryText="(let _eClass_:ecore::EClass = modelFacet.metaClass.ecoreClass in _eClass_.ePackage.nsURI = 'http://cs.man.ac.uk/mdsd/webgen/webui' and _eClass_.name = 'DetailsUnit') and (let _containmentMF_:ecore::EStructuralFeature = modelFacet.containmentMetaFeature.ecoreFeature in (let _eClass_:ecore::EClass = _containmentMF_.eContainingClass in _eClass_.ePackage.nsURI = 'http://cs.man.ac.uk/mdsd/webgen/webui' and _eClass_.name = 'UnitContainer') and _containmentMF_.name = 'units')">
    <nodeLabelTraces
        visualID="5335"
        queryText="true"/>
    <compartmentTraces
        visualID="7169"
        queryText="true"/>
  </childNodeTraces>
  <childNodeTraces
      visualID="3326"
      queryText="(let _eClass_:ecore::EClass = modelFacet.metaClass.ecoreClass in _eClass_.ePackage.nsURI = 'http://cs.man.ac.uk/mdsd/webgen/webui' and _eClass_.name = 'UnitElement') and (let _containmentMF_:ecore::EStructuralFeature = modelFacet.containmentMetaFeature.ecoreFeature in (let _eClass_:ecore::EClass = _containmentMF_.eContainingClass in _eClass_.ePackage.nsURI = 'http://cs.man.ac.uk/mdsd/webgen/webui' and _eClass_.name = 'DynamicUnit') and _containmentMF_.name = 'displayFields')">
    <nodeLabelTraces
        visualID="5333"
        queryText="true"/>
  </childNodeTraces>
  <childNodeTraces
      visualID="3327"
      queryText="(let _eClass_:ecore::EClass = modelFacet.metaClass.ecoreClass in _eClass_.ePackage.nsURI = 'http://cs.man.ac.uk/mdsd/webgen/webui' and _eClass_.name = 'UnitAssociation') and (let _containmentMF_:ecore::EStructuralFeature = modelFacet.containmentMetaFeature.ecoreFeature in (let _eClass_:ecore::EClass = _containmentMF_.eContainingClass in _eClass_.ePackage.nsURI = 'http://cs.man.ac.uk/mdsd/webgen/webui' and _eClass_.name = 'DynamicUnit') and _containmentMF_.name = 'displayFields')">
    <nodeLabelTraces
        visualID="5334"
        queryText="true"/>
  </childNodeTraces>
  <childNodeTraces
      visualID="3328"
      queryText="(let _eClass_:ecore::EClass = modelFacet.metaClass.ecoreClass in _eClass_.ePackage.nsURI = 'http://cs.man.ac.uk/mdsd/webgen/webui' and _eClass_.name = 'IndexUnit') and (let _containmentMF_:ecore::EStructuralFeature = modelFacet.containmentMetaFeature.ecoreFeature in (let _eClass_:ecore::EClass = _containmentMF_.eContainingClass in _eClass_.ePackage.nsURI = 'http://cs.man.ac.uk/mdsd/webgen/webui' and _eClass_.name = 'UnitContainer') and _containmentMF_.name = 'units')">
    <nodeLabelTraces
        visualID="5338"
        queryText="true"/>
    <compartmentTraces
        visualID="7170"
        queryText="true"/>
  </childNodeTraces>
  <childNodeTraces
      visualID="3329"
      queryText="(let _eClass_:ecore::EClass = modelFacet.metaClass.ecoreClass in _eClass_.ePackage.nsURI = 'http://cs.man.ac.uk/mdsd/webgen/webui' and _eClass_.name = 'UnitElement') and (let _containmentMF_:ecore::EStructuralFeature = modelFacet.containmentMetaFeature.ecoreFeature in (let _eClass_:ecore::EClass = _containmentMF_.eContainingClass in _eClass_.ePackage.nsURI = 'http://cs.man.ac.uk/mdsd/webgen/webui' and _eClass_.name = 'DynamicUnit') and _containmentMF_.name = 'displayFields')">
    <nodeLabelTraces
        visualID="5336"
        queryText="true"/>
  </childNodeTraces>
  <childNodeTraces
      visualID="3330"
      queryText="(let _eClass_:ecore::EClass = modelFacet.metaClass.ecoreClass in _eClass_.ePackage.nsURI = 'http://cs.man.ac.uk/mdsd/webgen/webui' and _eClass_.name = 'UnitAssociation') and (let _containmentMF_:ecore::EStructuralFeature = modelFacet.containmentMetaFeature.ecoreFeature in (let _eClass_:ecore::EClass = _containmentMF_.eContainingClass in _eClass_.ePackage.nsURI = 'http://cs.man.ac.uk/mdsd/webgen/webui' and _eClass_.name = 'DynamicUnit') and _containmentMF_.name = 'displayFields')">
    <nodeLabelTraces
        visualID="5337"
        queryText="true"/>
  </childNodeTraces>
  <childNodeTraces
      visualID="3331"
      queryText="(let _eClass_:ecore::EClass = modelFacet.metaClass.ecoreClass in _eClass_.ePackage.nsURI = 'http://cs.man.ac.uk/mdsd/webgen/webui' and _eClass_.name = 'SelectAction') and (let _containmentMF_:ecore::EStructuralFeature = modelFacet.containmentMetaFeature.ecoreFeature in (let _eClass_:ecore::EClass = _containmentMF_.eContainingClass in _eClass_.ePackage.nsURI = 'http://cs.man.ac.uk/mdsd/webgen/webui' and _eClass_.name = 'InlineActionContainer') and _containmentMF_.name = 'actions')">
    <nodeLabelTraces
        visualID="5342"
        queryText="true"/>
  </childNodeTraces>
  <childNodeTraces
      visualID="3332"
      queryText="(let _eClass_:ecore::EClass = modelFacet.metaClass.ecoreClass in _eClass_.ePackage.nsURI = 'http://cs.man.ac.uk/mdsd/webgen/webui' and _eClass_.name = 'DeleteAction') and (let _containmentMF_:ecore::EStructuralFeature = modelFacet.containmentMetaFeature.ecoreFeature in (let _eClass_:ecore::EClass = _containmentMF_.eContainingClass in _eClass_.ePackage.nsURI = 'http://cs.man.ac.uk/mdsd/webgen/webui' and _eClass_.name = 'InlineActionContainer') and _containmentMF_.name = 'actions')">
    <nodeLabelTraces
        visualID="5343"
        queryText="true"/>
  </childNodeTraces>
  <childNodeTraces
      visualID="3333"
      queryText="(let _eClass_:ecore::EClass = modelFacet.metaClass.ecoreClass in _eClass_.ePackage.nsURI = 'http://cs.man.ac.uk/mdsd/webgen/webui' and _eClass_.name = 'ImageIndexUnit') and (let _containmentMF_:ecore::EStructuralFeature = modelFacet.containmentMetaFeature.ecoreFeature in (let _eClass_:ecore::EClass = _containmentMF_.eContainingClass in _eClass_.ePackage.nsURI = 'http://cs.man.ac.uk/mdsd/webgen/webui' and _eClass_.name = 'UnitContainer') and _containmentMF_.name = 'units')">
    <nodeLabelTraces
        visualID="5347"
        queryText="true"/>
    <compartmentTraces
        visualID="7171"
        queryText="true"/>
  </childNodeTraces>
  <childNodeTraces
      visualID="3334"
      queryText="(let _eClass_:ecore::EClass = modelFacet.metaClass.ecoreClass in _eClass_.ePackage.nsURI = 'http://cs.man.ac.uk/mdsd/webgen/webui' and _eClass_.name = 'SelectAction') and (let _containmentMF_:ecore::EStructuralFeature = modelFacet.containmentMetaFeature.ecoreFeature in (let _eClass_:ecore::EClass = _containmentMF_.eContainingClass in _eClass_.ePackage.nsURI = 'http://cs.man.ac.uk/mdsd/webgen/webui' and _eClass_.name = 'InlineActionContainer') and _containmentMF_.name = 'actions')">
    <nodeLabelTraces
        visualID="5345"
        queryText="true"/>
  </childNodeTraces>
  <childNodeTraces
      visualID="3335"
      queryText="(let _eClass_:ecore::EClass = modelFacet.metaClass.ecoreClass in _eClass_.ePackage.nsURI = 'http://cs.man.ac.uk/mdsd/webgen/webui' and _eClass_.name = 'DeleteAction') and (let _containmentMF_:ecore::EStructuralFeature = modelFacet.containmentMetaFeature.ecoreFeature in (let _eClass_:ecore::EClass = _containmentMF_.eContainingClass in _eClass_.ePackage.nsURI = 'http://cs.man.ac.uk/mdsd/webgen/webui' and _eClass_.name = 'InlineActionContainer') and _containmentMF_.name = 'actions')">
    <nodeLabelTraces
        visualID="5346"
        queryText="true"/>
  </childNodeTraces>
  <childNodeTraces
      visualID="3336"
      queryText="(let _eClass_:ecore::EClass = modelFacet.metaClass.ecoreClass in _eClass_.ePackage.nsURI = 'http://cs.man.ac.uk/mdsd/webgen/webui' and _eClass_.name = 'FeatureSupportAction') and (let _containmentMF_:ecore::EStructuralFeature = modelFacet.containmentMetaFeature.ecoreFeature in (let _eClass_:ecore::EClass = _containmentMF_.eContainingClass in _eClass_.ePackage.nsURI = 'http://cs.man.ac.uk/mdsd/webgen/webui' and _eClass_.name = 'InlineActionContainer') and _containmentMF_.name = 'actions')"/>
  <childNodeTraces
      visualID="3337"
      queryText="(let _eClass_:ecore::EClass = modelFacet.metaClass.ecoreClass in _eClass_.ePackage.nsURI = 'http://cs.man.ac.uk/mdsd/webgen/webui' and _eClass_.name = 'SelectAction') and (let _containmentMF_:ecore::EStructuralFeature = modelFacet.containmentMetaFeature.ecoreFeature in (let _eClass_:ecore::EClass = _containmentMF_.eContainingClass in _eClass_.ePackage.nsURI = 'http://cs.man.ac.uk/mdsd/webgen/webui' and _eClass_.name = 'InlineActionContainer') and _containmentMF_.name = 'actions')">
    <nodeLabelTraces
        visualID="5348"
        queryText="true"/>
  </childNodeTraces>
  <childNodeTraces
      visualID="3338"
      queryText="(let _eClass_:ecore::EClass = modelFacet.metaClass.ecoreClass in _eClass_.ePackage.nsURI = 'http://cs.man.ac.uk/mdsd/webgen/webui' and _eClass_.name = 'DataTypeField') and (let _containmentMF_:ecore::EStructuralFeature = modelFacet.containmentMetaFeature.ecoreFeature in (let _eClass_:ecore::EClass = _containmentMF_.eContainingClass in _eClass_.ePackage.nsURI = 'http://cs.man.ac.uk/mdsd/webgen/webui' and _eClass_.name = 'DynamicUnit') and _containmentMF_.name = 'displayFields')">
    <nodeLabelTraces
        visualID="5350"
        queryText="true"/>
  </childNodeTraces>
  <childNodeTraces
      visualID="3339"
      queryText="(let _eClass_:ecore::EClass = modelFacet.metaClass.ecoreClass in _eClass_.ePackage.nsURI = 'http://cs.man.ac.uk/mdsd/webgen/webui' and _eClass_.name = 'DateField') and (let _containmentMF_:ecore::EStructuralFeature = modelFacet.containmentMetaFeature.ecoreFeature in (let _eClass_:ecore::EClass = _containmentMF_.eContainingClass in _eClass_.ePackage.nsURI = 'http://cs.man.ac.uk/mdsd/webgen/webui' and _eClass_.name = 'DynamicUnit') and _containmentMF_.name = 'displayFields')">
    <nodeLabelTraces
        visualID="5351"
        queryText="true"/>
  </childNodeTraces>
  <childNodeTraces
      visualID="3340"
      queryText="(let _eClass_:ecore::EClass = modelFacet.metaClass.ecoreClass in _eClass_.ePackage.nsURI = 'http://cs.man.ac.uk/mdsd/webgen/webui' and _eClass_.name = 'UnitSupportAction') and (let _containmentMF_:ecore::EStructuralFeature = modelFacet.containmentMetaFeature.ecoreFeature in (let _eClass_:ecore::EClass = _containmentMF_.eContainingClass in _eClass_.ePackage.nsURI = 'http://cs.man.ac.uk/mdsd/webgen/webui' and _eClass_.name = 'DynamicUnit') and _containmentMF_.name = 'supportActions')">
    <nodeLabelTraces
        visualID="5352"
        queryText="true"/>
  </childNodeTraces>
  <childNodeTraces
      visualID="3341"
      queryText="(let _eClass_:ecore::EClass = modelFacet.metaClass.ecoreClass in _eClass_.ePackage.nsURI = 'http://cs.man.ac.uk/mdsd/webgen/webui' and _eClass_.name = 'IndexUnit') and (let _containmentMF_:ecore::EStructuralFeature = modelFacet.containmentMetaFeature.ecoreFeature in (let _eClass_:ecore::EClass = _containmentMF_.eContainingClass in _eClass_.ePackage.nsURI = 'http://cs.man.ac.uk/mdsd/webgen/webui' and _eClass_.name = 'UnitContainer') and _containmentMF_.name = 'units')">
    <nodeLabelTraces
        visualID="5369"
        queryText="true"/>
    <compartmentTraces
        visualID="7172"
        queryText="true"/>
    <compartmentTraces
        visualID="7173"
        queryText="true"/>
  </childNodeTraces>
  <childNodeTraces
      visualID="3342"
      queryText="(let _eClass_:ecore::EClass = modelFacet.metaClass.ecoreClass in _eClass_.ePackage.nsURI = 'http://cs.man.ac.uk/mdsd/webgen/webui' and _eClass_.name = 'UnitElement') and (let _containmentMF_:ecore::EStructuralFeature = modelFacet.containmentMetaFeature.ecoreFeature in (let _eClass_:ecore::EClass = _containmentMF_.eContainingClass in _eClass_.ePackage.nsURI = 'http://cs.man.ac.uk/mdsd/webgen/webui' and _eClass_.name = 'DynamicUnit') and _containmentMF_.name = 'displayFields')">
    <nodeLabelTraces
        visualID="5355"
        queryText="true"/>
    <compartmentTraces
        visualID="7174"
        queryText="true"/>
  </childNodeTraces>
  <childNodeTraces
      visualID="3343"
      queryText="(let _eClass_:ecore::EClass = modelFacet.metaClass.ecoreClass in _eClass_.ePackage.nsURI = 'http://cs.man.ac.uk/mdsd/webgen/webui' and _eClass_.name = 'SelectAction') and (let _containmentMF_:ecore::EStructuralFeature = modelFacet.containmentMetaFeature.ecoreFeature in (let _eClass_:ecore::EClass = _containmentMF_.eContainingClass in _eClass_.ePackage.nsURI = 'http://cs.man.ac.uk/mdsd/webgen/webui' and _eClass_.name = 'InlineActionContainer') and _containmentMF_.name = 'actions')">
    <nodeLabelTraces
        visualID="5354"
        queryText="true"/>
  </childNodeTraces>
  <childNodeTraces
      visualID="3344"
      queryText="(let _eClass_:ecore::EClass = modelFacet.metaClass.ecoreClass in _eClass_.ePackage.nsURI = 'http://cs.man.ac.uk/mdsd/webgen/webui' and _eClass_.name = 'UnitAssociation') and (let _containmentMF_:ecore::EStructuralFeature = modelFacet.containmentMetaFeature.ecoreFeature in (let _eClass_:ecore::EClass = _containmentMF_.eContainingClass in _eClass_.ePackage.nsURI = 'http://cs.man.ac.uk/mdsd/webgen/webui' and _eClass_.name = 'DynamicUnit') and _containmentMF_.name = 'displayFields')">
    <nodeLabelTraces
        visualID="5363"
        queryText="true"/>
    <compartmentTraces
        visualID="7175"
        queryText="true"/>
    <compartmentTraces
        visualID="7176"
        queryText="true"/>
  </childNodeTraces>
  <childNodeTraces
      visualID="3345"
      queryText="(let _eClass_:ecore::EClass = modelFacet.metaClass.ecoreClass in _eClass_.ePackage.nsURI = 'http://cs.man.ac.uk/mdsd/webgen/webui' and _eClass_.name = 'DetailsUnit') and (let _containmentMF_:ecore::EStructuralFeature = modelFacet.containmentMetaFeature.ecoreFeature in (let _eClass_:ecore::EClass = _containmentMF_.eContainingClass in _eClass_.ePackage.nsURI = 'http://cs.man.ac.uk/mdsd/webgen/webui' and _eClass_.name = 'UnitContainer') and _containmentMF_.name = 'units')">
    <nodeLabelTraces
        visualID="5358"
        queryText="true"/>
    <compartmentTraces
        visualID="7177"
        queryText="true"/>
  </childNodeTraces>
  <childNodeTraces
      visualID="3346"
      queryText="(let _eClass_:ecore::EClass = modelFacet.metaClass.ecoreClass in _eClass_.ePackage.nsURI = 'http://cs.man.ac.uk/mdsd/webgen/webui' and _eClass_.name = 'UnitElement') and (let _containmentMF_:ecore::EStructuralFeature = modelFacet.containmentMetaFeature.ecoreFeature in (let _eClass_:ecore::EClass = _containmentMF_.eContainingClass in _eClass_.ePackage.nsURI = 'http://cs.man.ac.uk/mdsd/webgen/webui' and _eClass_.name = 'DynamicUnit') and _containmentMF_.name = 'displayFields')">
    <nodeLabelTraces
        visualID="5356"
        queryText="true"/>
  </childNodeTraces>
  <childNodeTraces
      visualID="3347"
      queryText="(let _eClass_:ecore::EClass = modelFacet.metaClass.ecoreClass in _eClass_.ePackage.nsURI = 'http://cs.man.ac.uk/mdsd/webgen/webui' and _eClass_.name = 'UnitAssociation') and (let _containmentMF_:ecore::EStructuralFeature = modelFacet.containmentMetaFeature.ecoreFeature in (let _eClass_:ecore::EClass = _containmentMF_.eContainingClass in _eClass_.ePackage.nsURI = 'http://cs.man.ac.uk/mdsd/webgen/webui' and _eClass_.name = 'DynamicUnit') and _containmentMF_.name = 'displayFields')">
    <nodeLabelTraces
        visualID="5357"
        queryText="true"/>
  </childNodeTraces>
  <childNodeTraces
      visualID="3348"
      queryText="(let _eClass_:ecore::EClass = modelFacet.metaClass.ecoreClass in _eClass_.ePackage.nsURI = 'http://cs.man.ac.uk/mdsd/webgen/webui' and _eClass_.name = 'IndexUnit') and (let _containmentMF_:ecore::EStructuralFeature = modelFacet.containmentMetaFeature.ecoreFeature in (let _eClass_:ecore::EClass = _containmentMF_.eContainingClass in _eClass_.ePackage.nsURI = 'http://cs.man.ac.uk/mdsd/webgen/webui' and _eClass_.name = 'UnitContainer') and _containmentMF_.name = 'units')">
    <nodeLabelTraces
        visualID="5361"
        queryText="true"/>
    <compartmentTraces
        visualID="7178"
        queryText="true"/>
  </childNodeTraces>
  <childNodeTraces
      visualID="3349"
      queryText="(let _eClass_:ecore::EClass = modelFacet.metaClass.ecoreClass in _eClass_.ePackage.nsURI = 'http://cs.man.ac.uk/mdsd/webgen/webui' and _eClass_.name = 'UnitElement') and (let _containmentMF_:ecore::EStructuralFeature = modelFacet.containmentMetaFeature.ecoreFeature in (let _eClass_:ecore::EClass = _containmentMF_.eContainingClass in _eClass_.ePackage.nsURI = 'http://cs.man.ac.uk/mdsd/webgen/webui' and _eClass_.name = 'DynamicUnit') and _containmentMF_.name = 'displayFields')">
    <nodeLabelTraces
        visualID="5359"
        queryText="true"/>
  </childNodeTraces>
  <childNodeTraces
      visualID="3350"
      queryText="(let _eClass_:ecore::EClass = modelFacet.metaClass.ecoreClass in _eClass_.ePackage.nsURI = 'http://cs.man.ac.uk/mdsd/webgen/webui' and _eClass_.name = 'UnitAssociation') and (let _containmentMF_:ecore::EStructuralFeature = modelFacet.containmentMetaFeature.ecoreFeature in (let _eClass_:ecore::EClass = _containmentMF_.eContainingClass in _eClass_.ePackage.nsURI = 'http://cs.man.ac.uk/mdsd/webgen/webui' and _eClass_.name = 'DynamicUnit') and _containmentMF_.name = 'displayFields')">
    <nodeLabelTraces
        visualID="5360"
        queryText="true"/>
  </childNodeTraces>
  <childNodeTraces
      visualID="3351"
      queryText="(let _eClass_:ecore::EClass = modelFacet.metaClass.ecoreClass in _eClass_.ePackage.nsURI = 'http://cs.man.ac.uk/mdsd/webgen/webui' and _eClass_.name = 'SelectAction') and (let _containmentMF_:ecore::EStructuralFeature = modelFacet.containmentMetaFeature.ecoreFeature in (let _eClass_:ecore::EClass = _containmentMF_.eContainingClass in _eClass_.ePackage.nsURI = 'http://cs.man.ac.uk/mdsd/webgen/webui' and _eClass_.name = 'InlineActionContainer') and _containmentMF_.name = 'actions')">
    <nodeLabelTraces
        visualID="5362"
        queryText="true"/>
  </childNodeTraces>
  <childNodeTraces
      visualID="3352"
      queryText="(let _eClass_:ecore::EClass = modelFacet.metaClass.ecoreClass in _eClass_.ePackage.nsURI = 'http://cs.man.ac.uk/mdsd/webgen/webui' and _eClass_.name = 'DataTypeField') and (let _containmentMF_:ecore::EStructuralFeature = modelFacet.containmentMetaFeature.ecoreFeature in (let _eClass_:ecore::EClass = _containmentMF_.eContainingClass in _eClass_.ePackage.nsURI = 'http://cs.man.ac.uk/mdsd/webgen/webui' and _eClass_.name = 'DynamicUnit') and _containmentMF_.name = 'displayFields')">
    <nodeLabelTraces
        visualID="5364"
        queryText="true"/>
  </childNodeTraces>
  <childNodeTraces
      visualID="3353"
      queryText="(let _eClass_:ecore::EClass = modelFacet.metaClass.ecoreClass in _eClass_.ePackage.nsURI = 'http://cs.man.ac.uk/mdsd/webgen/webui' and _eClass_.name = 'DateField') and (let _containmentMF_:ecore::EStructuralFeature = modelFacet.containmentMetaFeature.ecoreFeature in (let _eClass_:ecore::EClass = _containmentMF_.eContainingClass in _eClass_.ePackage.nsURI = 'http://cs.man.ac.uk/mdsd/webgen/webui' and _eClass_.name = 'DynamicUnit') and _containmentMF_.name = 'displayFields')">
    <nodeLabelTraces
        visualID="5365"
        queryText="true"/>
  </childNodeTraces>
  <childNodeTraces
      visualID="3354"
      queryText="(let _eClass_:ecore::EClass = modelFacet.metaClass.ecoreClass in _eClass_.ePackage.nsURI = 'http://cs.man.ac.uk/mdsd/webgen/webui' and _eClass_.name = 'SelectAction') and (let _containmentMF_:ecore::EStructuralFeature = modelFacet.containmentMetaFeature.ecoreFeature in (let _eClass_:ecore::EClass = _containmentMF_.eContainingClass in _eClass_.ePackage.nsURI = 'http://cs.man.ac.uk/mdsd/webgen/webui' and _eClass_.name = 'InlineActionContainer') and _containmentMF_.name = 'actions')">
    <nodeLabelTraces
        visualID="5366"
        queryText="true"/>
  </childNodeTraces>
  <childNodeTraces
      visualID="3355"
      queryText="(let _eClass_:ecore::EClass = modelFacet.metaClass.ecoreClass in _eClass_.ePackage.nsURI = 'http://cs.man.ac.uk/mdsd/webgen/webui' and _eClass_.name = 'DeleteAction') and (let _containmentMF_:ecore::EStructuralFeature = modelFacet.containmentMetaFeature.ecoreFeature in (let _eClass_:ecore::EClass = _containmentMF_.eContainingClass in _eClass_.ePackage.nsURI = 'http://cs.man.ac.uk/mdsd/webgen/webui' and _eClass_.name = 'InlineActionContainer') and _containmentMF_.name = 'actions')">
    <nodeLabelTraces
        visualID="5367"
        queryText="true"/>
  </childNodeTraces>
  <childNodeTraces
      visualID="3356"
      queryText="(let _eClass_:ecore::EClass = modelFacet.metaClass.ecoreClass in _eClass_.ePackage.nsURI = 'http://cs.man.ac.uk/mdsd/webgen/webui' and _eClass_.name = 'FeatureSupportAction') and (let _containmentMF_:ecore::EStructuralFeature = modelFacet.containmentMetaFeature.ecoreFeature in (let _eClass_:ecore::EClass = _containmentMF_.eContainingClass in _eClass_.ePackage.nsURI = 'http://cs.man.ac.uk/mdsd/webgen/webui' and _eClass_.name = 'InlineActionContainer') and _containmentMF_.name = 'actions')">
    <nodeLabelTraces
        visualID="5368"
        queryText="true"/>
  </childNodeTraces>
  <childNodeTraces
      visualID="3357"
      queryText="(let _eClass_:ecore::EClass = modelFacet.metaClass.ecoreClass in _eClass_.ePackage.nsURI = 'http://cs.man.ac.uk/mdsd/webgen/webui' and _eClass_.name = 'MapUnit') and (let _containmentMF_:ecore::EStructuralFeature = modelFacet.containmentMetaFeature.ecoreFeature in (let _eClass_:ecore::EClass = _containmentMF_.eContainingClass in _eClass_.ePackage.nsURI = 'http://cs.man.ac.uk/mdsd/webgen/webui' and _eClass_.name = 'UnitContainer') and _containmentMF_.name = 'units')">
    <nodeLabelTraces
        visualID="5370"
        queryText="true"/>
  </childNodeTraces>
  <childNodeTraces
      visualID="3358"
      queryText="(let _eClass_:ecore::EClass = modelFacet.metaClass.ecoreClass in _eClass_.ePackage.nsURI = 'http://cs.man.ac.uk/mdsd/webgen/webui' and _eClass_.name = 'SearchUnit') and (let _containmentMF_:ecore::EStructuralFeature = modelFacet.containmentMetaFeature.ecoreFeature in (let _eClass_:ecore::EClass = _containmentMF_.eContainingClass in _eClass_.ePackage.nsURI = 'http://cs.man.ac.uk/mdsd/webgen/webui' and _eClass_.name = 'UnitContainer') and _containmentMF_.name = 'units')">
    <nodeLabelTraces
        visualID="5375"
        queryText="true"/>
    <compartmentTraces
        visualID="7179"
        queryText="true"/>
  </childNodeTraces>
  <childNodeTraces
      visualID="3359"
      queryText="(let _eClass_:ecore::EClass = modelFacet.metaClass.ecoreClass in _eClass_.ePackage.nsURI = 'http://cs.man.ac.uk/mdsd/webgen/webui' and _eClass_.name = 'UnitElement') and (let _containmentMF_:ecore::EStructuralFeature = modelFacet.containmentMetaFeature.ecoreFeature in (let _eClass_:ecore::EClass = _containmentMF_.eContainingClass in _eClass_.ePackage.nsURI = 'http://cs.man.ac.uk/mdsd/webgen/webui' and _eClass_.name = 'DynamicUnit') and _containmentMF_.name = 'displayFields')">
    <nodeLabelTraces
        visualID="5371"
        queryText="true"/>
  </childNodeTraces>
  <childNodeTraces
      visualID="3360"
      queryText="(let _eClass_:ecore::EClass = modelFacet.metaClass.ecoreClass in _eClass_.ePackage.nsURI = 'http://cs.man.ac.uk/mdsd/webgen/webui' and _eClass_.name = 'UnitAssociation') and (let _containmentMF_:ecore::EStructuralFeature = modelFacet.containmentMetaFeature.ecoreFeature in (let _eClass_:ecore::EClass = _containmentMF_.eContainingClass in _eClass_.ePackage.nsURI = 'http://cs.man.ac.uk/mdsd/webgen/webui' and _eClass_.name = 'DynamicUnit') and _containmentMF_.name = 'displayFields')">
    <nodeLabelTraces
        visualID="5372"
        queryText="true"/>
  </childNodeTraces>
  <childNodeTraces
      visualID="3361"
      queryText="(let _eClass_:ecore::EClass = modelFacet.metaClass.ecoreClass in _eClass_.ePackage.nsURI = 'http://cs.man.ac.uk/mdsd/webgen/webui' and _eClass_.name = 'DataTypeField') and (let _containmentMF_:ecore::EStructuralFeature = modelFacet.containmentMetaFeature.ecoreFeature in (let _eClass_:ecore::EClass = _containmentMF_.eContainingClass in _eClass_.ePackage.nsURI = 'http://cs.man.ac.uk/mdsd/webgen/webui' and _eClass_.name = 'DynamicUnit') and _containmentMF_.name = 'displayFields')">
    <nodeLabelTraces
        visualID="5373"
        queryText="true"/>
  </childNodeTraces>
  <childNodeTraces
      visualID="3362"
      queryText="(let _eClass_:ecore::EClass = modelFacet.metaClass.ecoreClass in _eClass_.ePackage.nsURI = 'http://cs.man.ac.uk/mdsd/webgen/webui' and _eClass_.name = 'DateField') and (let _containmentMF_:ecore::EStructuralFeature = modelFacet.containmentMetaFeature.ecoreFeature in (let _eClass_:ecore::EClass = _containmentMF_.eContainingClass in _eClass_.ePackage.nsURI = 'http://cs.man.ac.uk/mdsd/webgen/webui' and _eClass_.name = 'DynamicUnit') and _containmentMF_.name = 'displayFields')">
    <nodeLabelTraces
        visualID="5374"
        queryText="true"/>
  </childNodeTraces>
  <childNodeTraces
      visualID="3363"
      queryText="(let _eClass_:ecore::EClass = modelFacet.metaClass.ecoreClass in _eClass_.ePackage.nsURI = 'http://cs.man.ac.uk/mdsd/webgen/webui' and _eClass_.name = 'StaticUnit') and (let _containmentMF_:ecore::EStructuralFeature = modelFacet.containmentMetaFeature.ecoreFeature in (let _eClass_:ecore::EClass = _containmentMF_.eContainingClass in _eClass_.ePackage.nsURI = 'http://cs.man.ac.uk/mdsd/webgen/webui' and _eClass_.name = 'UnitContainer') and _containmentMF_.name = 'units')">
    <nodeLabelTraces
        visualID="5376"
        queryText="true"/>
  </childNodeTraces>
  <childNodeTraces
      visualID="3364"
      queryText="(let _eClass_:ecore::EClass = modelFacet.metaClass.ecoreClass in _eClass_.ePackage.nsURI = 'http://cs.man.ac.uk/mdsd/webgen/webui' and _eClass_.name = 'UpdateUnit') and (let _containmentMF_:ecore::EStructuralFeature = modelFacet.containmentMetaFeature.ecoreFeature in (let _eClass_:ecore::EClass = _containmentMF_.eContainingClass in _eClass_.ePackage.nsURI = 'http://cs.man.ac.uk/mdsd/webgen/webui' and _eClass_.name = 'UnitContainer') and _containmentMF_.name = 'units')">
    <nodeLabelTraces
        visualID="5386"
        queryText="true"/>
    <compartmentTraces
        visualID="7180"
        queryText="true"/>
  </childNodeTraces>
  <childNodeTraces
      visualID="3365"
      queryText="(let _eClass_:ecore::EClass = modelFacet.metaClass.ecoreClass in _eClass_.ePackage.nsURI = 'http://cs.man.ac.uk/mdsd/webgen/webui' and _eClass_.name = 'UnitElement') and (let _containmentMF_:ecore::EStructuralFeature = modelFacet.containmentMetaFeature.ecoreFeature in (let _eClass_:ecore::EClass = _containmentMF_.eContainingClass in _eClass_.ePackage.nsURI = 'http://cs.man.ac.uk/mdsd/webgen/webui' and _eClass_.name = 'DynamicUnit') and _containmentMF_.name = 'displayFields')">
    <nodeLabelTraces
        visualID="5377"
        queryText="true"/>
  </childNodeTraces>
  <childNodeTraces
      visualID="3366"
      queryText="(let _eClass_:ecore::EClass = modelFacet.metaClass.ecoreClass in _eClass_.ePackage.nsURI = 'http://cs.man.ac.uk/mdsd/webgen/webui' and _eClass_.name = 'UnitAssociation') and (let _containmentMF_:ecore::EStructuralFeature = modelFacet.containmentMetaFeature.ecoreFeature in (let _eClass_:ecore::EClass = _containmentMF_.eContainingClass in _eClass_.ePackage.nsURI = 'http://cs.man.ac.uk/mdsd/webgen/webui' and _eClass_.name = 'DynamicUnit') and _containmentMF_.name = 'displayFields')">
    <nodeLabelTraces
        visualID="5383"
        queryText="true"/>
    <compartmentTraces
        visualID="7181"
        queryText="true"/>
  </childNodeTraces>
  <childNodeTraces
      visualID="3367"
      queryText="(let _eClass_:ecore::EClass = modelFacet.metaClass.ecoreClass in _eClass_.ePackage.nsURI = 'http://cs.man.ac.uk/mdsd/webgen/webui' and _eClass_.name = 'IndexUnit') and (let _containmentMF_:ecore::EStructuralFeature = modelFacet.containmentMetaFeature.ecoreFeature in (let _eClass_:ecore::EClass = _containmentMF_.eContainingClass in _eClass_.ePackage.nsURI = 'http://cs.man.ac.uk/mdsd/webgen/webui' and _eClass_.name = 'UnitContainer') and _containmentMF_.name = 'units')">
    <nodeLabelTraces
        visualID="5382"
        queryText="true"/>
    <compartmentTraces
        visualID="7182"
        queryText="true"/>
    <compartmentTraces
        visualID="7183"
        queryText="true"/>
  </childNodeTraces>
  <childNodeTraces
      visualID="3368"
      queryText="(let _eClass_:ecore::EClass = modelFacet.metaClass.ecoreClass in _eClass_.ePackage.nsURI = 'http://cs.man.ac.uk/mdsd/webgen/webui' and _eClass_.name = 'UnitElement') and (let _containmentMF_:ecore::EStructuralFeature = modelFacet.containmentMetaFeature.ecoreFeature in (let _eClass_:ecore::EClass = _containmentMF_.eContainingClass in _eClass_.ePackage.nsURI = 'http://cs.man.ac.uk/mdsd/webgen/webui' and _eClass_.name = 'DynamicUnit') and _containmentMF_.name = 'displayFields')">
    <nodeLabelTraces
        visualID="5378"
        queryText="true"/>
  </childNodeTraces>
  <childNodeTraces
      visualID="3369"
      queryText="(let _eClass_:ecore::EClass = modelFacet.metaClass.ecoreClass in _eClass_.ePackage.nsURI = 'http://cs.man.ac.uk/mdsd/webgen/webui' and _eClass_.name = 'UnitAssociation') and (let _containmentMF_:ecore::EStructuralFeature = modelFacet.containmentMetaFeature.ecoreFeature in (let _eClass_:ecore::EClass = _containmentMF_.eContainingClass in _eClass_.ePackage.nsURI = 'http://cs.man.ac.uk/mdsd/webgen/webui' and _eClass_.name = 'DynamicUnit') and _containmentMF_.name = 'displayFields')">
    <nodeLabelTraces
        visualID="5379"
        queryText="true"/>
  </childNodeTraces>
  <childNodeTraces
      visualID="3370"
      queryText="(let _eClass_:ecore::EClass = modelFacet.metaClass.ecoreClass in _eClass_.ePackage.nsURI = 'http://cs.man.ac.uk/mdsd/webgen/webui' and _eClass_.name = 'SelectAction') and (let _containmentMF_:ecore::EStructuralFeature = modelFacet.containmentMetaFeature.ecoreFeature in (let _eClass_:ecore::EClass = _containmentMF_.eContainingClass in _eClass_.ePackage.nsURI = 'http://cs.man.ac.uk/mdsd/webgen/webui' and _eClass_.name = 'InlineActionContainer') and _containmentMF_.name = 'actions')">
    <nodeLabelTraces
        visualID="5380"
        queryText="true"/>
  </childNodeTraces>
  <childNodeTraces
      visualID="3371"
      queryText="(let _eClass_:ecore::EClass = modelFacet.metaClass.ecoreClass in _eClass_.ePackage.nsURI = 'http://cs.man.ac.uk/mdsd/webgen/webui' and _eClass_.name = 'DeleteAction') and (let _containmentMF_:ecore::EStructuralFeature = modelFacet.containmentMetaFeature.ecoreFeature in (let _eClass_:ecore::EClass = _containmentMF_.eContainingClass in _eClass_.ePackage.nsURI = 'http://cs.man.ac.uk/mdsd/webgen/webui' and _eClass_.name = 'InlineActionContainer') and _containmentMF_.name = 'actions')">
    <nodeLabelTraces
        visualID="5381"
        queryText="true"/>
  </childNodeTraces>
  <childNodeTraces
      visualID="3372"
      queryText="(let _eClass_:ecore::EClass = modelFacet.metaClass.ecoreClass in _eClass_.ePackage.nsURI = 'http://cs.man.ac.uk/mdsd/webgen/webui' and _eClass_.name = 'DataTypeField') and (let _containmentMF_:ecore::EStructuralFeature = modelFacet.containmentMetaFeature.ecoreFeature in (let _eClass_:ecore::EClass = _containmentMF_.eContainingClass in _eClass_.ePackage.nsURI = 'http://cs.man.ac.uk/mdsd/webgen/webui' and _eClass_.name = 'DynamicUnit') and _containmentMF_.name = 'displayFields')">
    <nodeLabelTraces
        visualID="5384"
        queryText="true"/>
  </childNodeTraces>
  <childNodeTraces
      visualID="3373"
      queryText="(let _eClass_:ecore::EClass = modelFacet.metaClass.ecoreClass in _eClass_.ePackage.nsURI = 'http://cs.man.ac.uk/mdsd/webgen/webui' and _eClass_.name = 'DateField') and (let _containmentMF_:ecore::EStructuralFeature = modelFacet.containmentMetaFeature.ecoreFeature in (let _eClass_:ecore::EClass = _containmentMF_.eContainingClass in _eClass_.ePackage.nsURI = 'http://cs.man.ac.uk/mdsd/webgen/webui' and _eClass_.name = 'DynamicUnit') and _containmentMF_.name = 'displayFields')">
    <nodeLabelTraces
        visualID="5385"
        queryText="true"/>
  </childNodeTraces>
  <childNodeTraces
      visualID="3374"
      queryText="(let _eClass_:ecore::EClass = modelFacet.metaClass.ecoreClass in _eClass_.ePackage.nsURI = 'http://cs.man.ac.uk/mdsd/webgen/webui' and _eClass_.name = 'ImageIndexUnit') and (let _containmentMF_:ecore::EStructuralFeature = modelFacet.containmentMetaFeature.ecoreFeature in (let _eClass_:ecore::EClass = _containmentMF_.eContainingClass in _eClass_.ePackage.nsURI = 'http://cs.man.ac.uk/mdsd/webgen/webui' and _eClass_.name = 'UnitContainer') and _containmentMF_.name = 'units')">
    <nodeLabelTraces
        visualID="5389"
        queryText="true"/>
    <compartmentTraces
        visualID="7184"
        queryText="true"/>
  </childNodeTraces>
  <childNodeTraces
      visualID="3375"
      queryText="(let _eClass_:ecore::EClass = modelFacet.metaClass.ecoreClass in _eClass_.ePackage.nsURI = 'http://cs.man.ac.uk/mdsd/webgen/webui' and _eClass_.name = 'SelectAction') and (let _containmentMF_:ecore::EStructuralFeature = modelFacet.containmentMetaFeature.ecoreFeature in (let _eClass_:ecore::EClass = _containmentMF_.eContainingClass in _eClass_.ePackage.nsURI = 'http://cs.man.ac.uk/mdsd/webgen/webui' and _eClass_.name = 'InlineActionContainer') and _containmentMF_.name = 'actions')">
    <nodeLabelTraces
        visualID="5387"
        queryText="true"/>
  </childNodeTraces>
  <childNodeTraces
      visualID="3376"
      queryText="(let _eClass_:ecore::EClass = modelFacet.metaClass.ecoreClass in _eClass_.ePackage.nsURI = 'http://cs.man.ac.uk/mdsd/webgen/webui' and _eClass_.name = 'DeleteAction') and (let _containmentMF_:ecore::EStructuralFeature = modelFacet.containmentMetaFeature.ecoreFeature in (let _eClass_:ecore::EClass = _containmentMF_.eContainingClass in _eClass_.ePackage.nsURI = 'http://cs.man.ac.uk/mdsd/webgen/webui' and _eClass_.name = 'InlineActionContainer') and _containmentMF_.name = 'actions')">
    <nodeLabelTraces
        visualID="5388"
        queryText="true"/>
  </childNodeTraces>
  <childNodeTraces
      visualID="3377"
      queryText="(let _eClass_:ecore::EClass = modelFacet.metaClass.ecoreClass in _eClass_.ePackage.nsURI = 'http://cs.man.ac.uk/mdsd/webgen/webui' and _eClass_.name = 'FeatureSupportAction') and (let _containmentMF_:ecore::EStructuralFeature = modelFacet.containmentMetaFeature.ecoreFeature in (let _eClass_:ecore::EClass = _containmentMF_.eContainingClass in _eClass_.ePackage.nsURI = 'http://cs.man.ac.uk/mdsd/webgen/webui' and _eClass_.name = 'InlineActionContainer') and _containmentMF_.name = 'actions')"/>
  <childNodeTraces
      visualID="3378"
      queryText="(let _eClass_:ecore::EClass = modelFacet.metaClass.ecoreClass in _eClass_.ePackage.nsURI = 'http://cs.man.ac.uk/mdsd/webgen/webui' and _eClass_.name = 'SliderUnit') and (let _containmentMF_:ecore::EStructuralFeature = modelFacet.containmentMetaFeature.ecoreFeature in (let _eClass_:ecore::EClass = _containmentMF_.eContainingClass in _eClass_.ePackage.nsURI = 'http://cs.man.ac.uk/mdsd/webgen/webui' and _eClass_.name = 'UnitContainer') and _containmentMF_.name = 'units')">
    <nodeLabelTraces
        visualID="5390"
        queryText="true"/>
  </childNodeTraces>
  <childNodeTraces
      visualID="3379"
      queryText="(let _eClass_:ecore::EClass = modelFacet.metaClass.ecoreClass in _eClass_.ePackage.nsURI = 'http://cs.man.ac.uk/mdsd/webgen/webui' and _eClass_.name = 'GalleryUnit') and (let _containmentMF_:ecore::EStructuralFeature = modelFacet.containmentMetaFeature.ecoreFeature in (let _eClass_:ecore::EClass = _containmentMF_.eContainingClass in _eClass_.ePackage.nsURI = 'http://cs.man.ac.uk/mdsd/webgen/webui' and _eClass_.name = 'UnitContainer') and _containmentMF_.name = 'units')">
    <nodeLabelTraces
        visualID="5391"
        queryText="true"/>
  </childNodeTraces>
  <childNodeTraces
      visualID="3380"
      queryText="(let _eClass_:ecore::EClass = modelFacet.metaClass.ecoreClass in _eClass_.ePackage.nsURI = 'http://cs.man.ac.uk/mdsd/webgen/webui' and _eClass_.name = 'ActionMenuEntry') and (let _containmentMF_:ecore::EStructuralFeature = modelFacet.containmentMetaFeature.ecoreFeature in (let _eClass_:ecore::EClass = _containmentMF_.eContainingClass in _eClass_.ePackage.nsURI = 'http://cs.man.ac.uk/mdsd/webgen/webui' and _eClass_.name = 'Menu') and _containmentMF_.name = 'entries')">
    <nodeLabelTraces
        visualID="5393"
        queryText="true"/>
  </childNodeTraces>
  <childNodeTraces
      visualID="3381"
      queryText="(let _eClass_:ecore::EClass = modelFacet.metaClass.ecoreClass in _eClass_.ePackage.nsURI = 'http://cs.man.ac.uk/mdsd/webgen/webui' and _eClass_.name = 'EditStaticTextMenuEntry') and (let _containmentMF_:ecore::EStructuralFeature = modelFacet.containmentMetaFeature.ecoreFeature in (let _eClass_:ecore::EClass = _containmentMF_.eContainingClass in _eClass_.ePackage.nsURI = 'http://cs.man.ac.uk/mdsd/webgen/webui' and _eClass_.name = 'Menu') and _containmentMF_.name = 'entries')">
    <nodeLabelTraces
        visualID="5394"
        queryText="true"/>
  </childNodeTraces>
  <childNodeTraces
      visualID="3382"
      queryText="(let _eClass_:ecore::EClass = modelFacet.metaClass.ecoreClass in _eClass_.ePackage.nsURI = 'http://cs.man.ac.uk/mdsd/webgen/security' and _eClass_.name = 'LocalAuthenticationSystem') and (let _containmentMF_:ecore::EStructuralFeature = modelFacet.containmentMetaFeature.ecoreFeature in (let _eClass_:ecore::EClass = _containmentMF_.eContainingClass in _eClass_.ePackage.nsURI = 'http://www.cs.man.ac.uk/mdsd/2010/Website' and _eClass_.name = 'WebsiteProperties') and _containmentMF_.name = 'authentication')"/>
  <childNodeTraces
      visualID="3383"
      queryText="(let _eClass_:ecore::EClass = modelFacet.metaClass.ecoreClass in _eClass_.ePackage.nsURI = 'http://cs.man.ac.uk/mdsd/webgen/security' and _eClass_.name = 'CasAuthentication') and (let _containmentMF_:ecore::EStructuralFeature = modelFacet.containmentMetaFeature.ecoreFeature in (let _eClass_:ecore::EClass = _containmentMF_.eContainingClass in _eClass_.ePackage.nsURI = 'http://www.cs.man.ac.uk/mdsd/2010/Website' and _eClass_.name = 'WebsiteProperties') and _containmentMF_.name = 'authentication')"/>
  <linkTraces
      visualID="4005"
      queryText="modelFacet.oclIsKindOf(gmfgen::TypeLinkModelFacet) and (let _eClass_:ecore::EClass = modelFacet.oclAsType(gmfgen::TypeLinkModelFacet).metaClass.ecoreClass in _eClass_.ePackage.nsURI = 'http://cs.man.ac.uk/mdsd/webgen/persistence' and _eClass_.name = 'AssociationWithoutContainment')">
    <linkLabelTraces
        visualID="6005"
        queryText="true"/>
    <linkLabelTraces
        visualID="6006"
        queryText="true"/>
  </linkTraces>
  <linkTraces
      visualID="4006"
      queryText="modelFacet.oclIsKindOf(gmfgen::TypeLinkModelFacet) and (let _eClass_:ecore::EClass = modelFacet.oclAsType(gmfgen::TypeLinkModelFacet).metaClass.ecoreClass in _eClass_.ePackage.nsURI = 'http://cs.man.ac.uk/mdsd/webgen/persistence' and _eClass_.name = 'AssociationWithContainment')">
    <linkLabelTraces
        visualID="6007"
        queryText="true"/>
    <linkLabelTraces
        visualID="6008"
        queryText="true"/>
  </linkTraces>
  <linkTraces
      visualID="4007"
      queryText="modelFacet.oclIsKindOf(gmfgen::TypeLinkModelFacet) and (let _eClass_:ecore::EClass = modelFacet.oclAsType(gmfgen::TypeLinkModelFacet).metaClass.ecoreClass in _eClass_.ePackage.nsURI = 'http://cs.man.ac.uk/mdsd/webgen/persistence' and _eClass_.name = 'ViewAssociation')"/>
  <linkTraces
      visualID="4008"
      queryText="modelFacet.oclIsKindOf(gmfgen::TypeLinkModelFacet) and (let _eClass_:ecore::EClass = modelFacet.oclAsType(gmfgen::TypeLinkModelFacet).metaClass.ecoreClass in _eClass_.ePackage.nsURI = 'http://cs.man.ac.uk/mdsd/webgen/webui' and _eClass_.name = 'PageLink')"/>
</trace:TraceModel>
